
 ==============================
 S N O P T  7.7.1    (Nov 2018)
 ==============================
 
 SNMEMB EXIT 100 -- finished successfully
 SNMEMB INFO 104 -- memory requirements estimated

 ==============================
 S N O P T  7.7.1    (Nov 2018)
 ==============================
 
 

 Nonlinear constraints       8     Linear constraints       0
 Nonlinear variables        14     Linear variables         0
 Jacobian  variables        14     Objective variables     14
 Total constraints           8     Total variables         14
 

 
 The user has defined     112   out of     112   constraint gradients.
 The user has defined      14   out of      14   objective  gradients.
 

 Major Minors     Step   nCon Feasible  Optimal  MeritFunction     nS Penalty
     0     14               1 (0.0E+00) 6.1E-01 -1.0000000E+00      9           r
     1      7  1.0E+00      2 (2.4E-11) 5.3E-01 -1.0018946E+00      7           r
     2      5  4.2E-01      5  2.8E-01  4.7E-01 -1.7978452E+00      7         s
     3      9  9.7E-02      7  2.0E-01  5.8E-01 -1.8647678E+00      9
     4      4  5.3E-02      9  1.6E-01  4.5E-01 -1.9089096E+00     10
     5      3  3.7E-01     11  3.9E-02  4.2E-01 -1.9999770E+00     10
     6      4  1.4E-01     13  1.9E-01  4.2E-01 -2.0547688E+00      9
     7     10  7.6E-02     15  2.2E-01  4.4E-01 -2.0845165E+00     10
     8      4  7.9E-02     17  2.0E-01  4.7E-01 -2.1172600E+00     11
     9      4  1.4E-01     20  3.6E-01  6.1E-01 -2.1621923E+00     10

 Major Minors     Step   nCon Feasible  Optimal  MeritFunction     nS Penalty
    10      1  4.1E-02     22  3.4E-01  6.5E-01 -2.1740682E+00     10
    11      5  5.6E-02     24  3.2E-01  6.5E-01 -2.1905999E+00     12
    12      5  1.2E-01     26  3.5E-01  6.1E-01 -2.2404201E+00     12
    13      2  1.2E-01     28  3.1E-01  4.8E-01 -2.2419268E+00     11 1.4E-06
    14      2  1.5E-01     30  2.8E-01  4.8E-01 -2.2361090E+00     10 1.6E-01
    15      4  6.3E-02     32  3.2E-01  7.6E-01 -2.2433739E+00     11 1.6E-01
    16      2  1.7E-01     34  2.8E-01  1.4E+00 -2.2394728E+00     10 3.2E-01
    17      1  4.1E-02     37  2.7E-01  8.1E-01 -2.1676616E+00     10 2.2E+00
    18      2  8.8E-02     39  2.4E-01  5.4E-01 -2.1800124E+00     11 2.2E+00
    19      2  1.0E+00     40  1.3E-02  5.1E-01 -2.1917418E+00     10 2.2E+00

 Major Minors     Step   nCon Feasible  Optimal  MeritFunction     nS Penalty
    20      2  1.0E+00     41 (4.5E-12) 6.6E-01 -2.2193262E+00     11 2.2E+00
    21      1  2.1E-01     43  3.0E-02  4.2E-01 -2.2240681E+00     11 2.2E+00
    22      1  2.2E-01     45  2.3E-02  4.8E-01 -2.2293790E+00     11 2.2E+00
    23      1  1.4E-01     47  2.2E-02  2.1E-01 -2.2325340E+00     11 2.2E+00
    24      2  1.0E+00     48  3.3E-03  7.3E-01 -2.2366216E+00     10 2.2E+00
    25      1  1.0E+00     49  1.1E-02  7.0E-01 -2.2408410E+00     10 2.2E+00
    26      2  4.4E-01     51  1.6E-02  4.0E-01 -2.2487361E+00     11 2.2E+00
    27      2  1.0E+00     52  7.7E-04  1.1E-01 -2.2536953E+00     10 2.2E+00
    28      3  1.0E+00     53  1.8E-03  4.7E-01 -2.2545033E+00     10 2.2E+00
    29      2  1.0E+00     54  2.4E-03  1.1E-01 -2.2559910E+00      9 2.2E+00

 Major Minors     Step   nCon Feasible  Optimal  MeritFunction     nS Penalty
    30      2  1.0E+00     55  2.5E-04  1.6E-01 -2.2567235E+00     10 2.2E+00
    31      1  7.7E-01     62  4.4E-04  4.4E-01 -2.2585544E+00     10 2.2E+00
    32      1  3.3E-01     64  3.0E-04  3.6E-01 -2.2586152E+00     10 2.2E+00
    33      1  1.0E+00     65  5.9E-03  2.6E-01 -2.2595336E+00     10 2.2E+00
    34      1  1.0E+00     66  3.6E-03  2.7E-01 -2.2610239E+00     10 2.2E+00
    35      1  3.7E-01     68  2.3E-03  3.2E-01 -2.2613161E+00     10 2.2E+00
    36      1  1.0E+00     69  1.7E-04  2.0E-01 -2.2617184E+00     10 2.2E+00
    37      1  1.0E+00     70  5.3E-04  6.1E-02 -2.2623300E+00     10 2.2E+00
    38      1  3.7E-01     72  3.5E-04  3.4E-02 -2.2623729E+00     10 2.2E+00
    39      1  3.7E-01     74  2.7E-04  6.2E-02 -2.2624259E+00     10 2.2E+00

 Major Minors     Step   nCon Feasible  Optimal  MeritFunction     nS Penalty
    40      1  2.9E-01     76  1.9E-04  5.9E-02 -2.2624614E+00     10 2.2E+00
    41      1  2.2E-02     79  1.9E-04  3.9E-02 -2.2624650E+00     10 2.2E+00
    42      1  1.0E+00     80  4.1E-05  2.8E-02 -2.2624802E+00     10 2.2E+00
    43      1  1.0E+00     81  2.1E-06  1.1E-02 -2.2624843E+00     10 2.2E+00
    44      1  1.5E-01     83  1.9E-06  8.2E-03 -2.2624853E+00     10 2.2E+00
    45      1  1.0E+00     84  2.6E-06  8.4E-03 -2.2624870E+00     10 2.2E+00
    46      1  5.3E-02     94  2.4E-06  8.2E-03 -2.2624871E+00     10 2.2E+00
    47      1  2.7E-01     96  1.8E-06  6.4E-03 -2.2624909E+00     10 2.2E+00
    47      1             101  1.8E-06  4.7E-03 -2.2624909E+00     10           R
    48      1  5.1E-02    103  1.7E-06  4.2E-03 -2.2624910E+00     10         s
    49      1  1.0E-11    113  1.7E-06  3.9E-02 -2.2624910E+00     10
    49      1             118  1.7E-06  4.4E-03 -2.2624910E+00     10           R

 Major Minors     Step   nCon Feasible  Optimal  MeritFunction     nS Penalty
    50      1  1.0E+00    119 (3.0E-08) 3.1E-03 -2.2624910E+00     10         s

 Major Minors     Step   nCon Feasible  Optimal  MeritFunction     nS Penalty
    50      1             123 (3.0E-08) 2.9E-03 -2.2624910E+00     10         s R

 Major Minors     Step   nCon Feasible  Optimal  MeritFunction     nS Penalty
    50      1             127 (3.0E-08) 2.8E-03 -2.2624910E+00     10         s r
 
 SNOPTC EXIT  40 -- terminated after numerical difficulties
 SNOPTC INFO  41 -- current point cannot be improved

 Problem name                 lùá
 No. of iterations                 133   Objective           -2.2624910022E+00
 No. of major iterations            50   Linear    obj. term  0.0000000000E+00
 Penalty parameter           0.000E+00   Nonlinear obj. term -2.2624910022E+00
 User function calls (total)       133
 No. of superbasics                 10   No. of basic nonlinears             3
 No. of degenerate steps             1   Percentage                       0.75
 Max x                      13 9.8E-01   Max pi                      8 3.3E-01
 Max Primal infeas          22 3.0E-08   Max Dual infeas             7 9.1E-03
 Nonlinear constraint violn    3.0E-08
 
 

 Solution printed on file  18
 
 Time for MPS input                             0.00 seconds
 Time for solving problem                     240.44 seconds
 Time for solution output                       0.00 seconds
 Time for constraint functions                240.31 seconds
 Time for objective function                    0.00 seconds
